{"level":"info","message":"start create db tool D:\\liangzhan\\node\\rally\\app\\server\\db","timestamp":"2016-08-05T08:01:23.125Z"}
{"level":"info","message":"start create db tool D:\\liangzhan\\node\\rally\\app\\server\\db","timestamp":"2016-08-05T08:01:29.116Z"}
{"level":"info","message":"start create db tool D:\\liangzhan\\node\\rally\\app\\server\\db","timestamp":"2016-08-05T08:01:56.638Z"}
{"level":"info","message":"start create db tool D:\\liangzhan\\node\\rally\\app\\server\\db","timestamp":"2016-08-05T08:01:59.240Z"}
{"level":"info","message":"start create db tool D:\\liangzhan\\node\\rally\\app\\server\\db","timestamp":"2016-08-05T08:02:04.946Z"}
{"level":"error","message":"error happen when pool end","timestamp":"2016-08-05T08:02:05.039Z"}
{"level":"info","message":"start create db tool D:\\liangzhan\\node\\rally\\app\\server\\db","timestamp":"2016-08-05T08:02:17.952Z"}
{"level":"info","message":"start create db tool D:\\liangzhan\\node\\rally\\app\\server\\db","timestamp":"2016-08-05T08:02:22.327Z"}
{"level":"info","message":"start create db tool D:\\liangzhan\\node\\rally\\app\\server\\db","timestamp":"2016-08-05T08:02:38.300Z"}
{"level":"info","message":"start create db tool D:\\liangzhan\\node\\rally\\app\\server\\db","timestamp":"2016-08-05T08:25:58.766Z"}
{"level":"info","message":"start create db tool D:\\liangzhan\\node\\rally\\app\\server\\db","timestamp":"2016-08-05T08:26:17.518Z"}
{"level":"info","message":"start create db tool D:\\liangzhan\\node\\rally\\app\\server\\db","timestamp":"2016-08-05T08:26:22.555Z"}
{"level":"info","message":"start create db tool D:\\liangzhan\\node\\rally\\app\\server\\db","timestamp":"2016-08-05T08:28:02.970Z"}
{"level":"info","message":"start create db tool D:\\liangzhan\\node\\rally\\app\\server\\db","timestamp":"2016-08-05T08:28:05.035Z"}
{"level":"info","message":"start create db tool D:\\liangzhan\\node\\rally\\app\\server\\db","timestamp":"2016-08-05T08:28:10.680Z"}
{"level":"info","message":"start create db tool D:\\liangzhan\\node\\rally\\app\\server\\db","timestamp":"2016-08-05T08:28:28.605Z"}
{"level":"info","message":"start create db tool D:\\liangzhan\\node\\rally\\app\\server\\db","timestamp":"2016-08-05T08:28:37.488Z"}
{"level":"info","message":"start create db tool D:\\liangzhan\\node\\rally\\app\\server\\db","timestamp":"2016-08-05T08:28:39.600Z"}
{"level":"info","message":"start create db tool D:\\liangzhan\\node\\rally\\app\\server\\db","timestamp":"2016-08-05T08:28:52.359Z"}
{"level":"info","message":"start create db tool D:\\liangzhan\\node\\rally\\app\\server\\db","timestamp":"2016-08-05T08:28:53.337Z"}
{"level":"info","message":"start create db tool D:\\liangzhan\\node\\rally\\app\\server\\db","timestamp":"2016-08-05T08:29:31.357Z"}
{"level":"info","message":"start create db tool D:\\liangzhan\\node\\rally\\app\\server\\db","timestamp":"2016-08-05T08:29:32.621Z"}
{"level":"info","message":"start create db tool D:\\liangzhan\\node\\rally\\app\\server\\db","timestamp":"2016-08-05T08:29:37.815Z"}
{"level":"info","message":"start create db tool D:\\liangzhan\\node\\rally\\app\\server\\db","timestamp":"2016-08-05T08:29:40.549Z"}
{"level":"info","message":"start create db tool D:\\liangzhan\\node\\rally\\app\\server\\db","timestamp":"2016-08-05T08:30:04.780Z"}
{"level":"info","message":"start create db tool D:\\liangzhan\\node\\rally\\app\\server\\db","timestamp":"2016-08-05T08:30:07.301Z"}
{"level":"info","message":"start create db tool D:\\liangzhan\\node\\rally\\app\\server\\db","timestamp":"2016-08-05T08:30:08.406Z"}
{"level":"info","message":"start create db tool D:\\liangzhan\\node\\rally\\app\\server\\db","timestamp":"2016-08-05T08:30:17.323Z"}
{"level":"info","message":"start create db tool D:\\liangzhan\\node\\rally\\app\\server\\db","timestamp":"2016-08-05T08:30:26.725Z"}
{"level":"info","message":"start create db tool D:\\liangzhan\\node\\rally\\app\\server\\db","timestamp":"2016-08-05T08:30:36.606Z"}
{"level":"info","message":"start create db tool D:\\liangzhan\\node\\rally\\app\\server\\db","timestamp":"2016-08-05T08:30:39.136Z"}
{"level":"info","message":"start create db tool D:\\liangzhan\\node\\rally\\app\\server\\db","timestamp":"2016-08-05T08:30:53.375Z"}
{"level":"info","message":"start create db tool D:\\liangzhan\\node\\rally\\app\\server\\db","timestamp":"2016-08-05T08:30:55.648Z"}
{"level":"info","message":"start create db tool D:\\liangzhan\\node\\rally\\app\\server\\db","timestamp":"2016-08-05T08:30:58.446Z"}
{"level":"info","message":"start create db tool D:\\liangzhan\\node\\rally\\app\\server\\db","timestamp":"2016-08-05T08:31:57.543Z"}
{"level":"info","message":"start create db tool D:\\liangzhan\\node\\rally\\app\\server\\db","timestamp":"2016-08-05T08:32:10.311Z"}
{"level":"info","message":"start create db tool D:\\liangzhan\\node\\rally\\app\\server\\db","timestamp":"2016-08-05T08:32:15.917Z"}
{"level":"info","message":"start create db tool D:\\liangzhan\\node\\rally\\app\\server\\db","timestamp":"2016-08-05T08:34:00.540Z"}
{"level":"info","message":"start create db tool D:\\liangzhan\\node\\rally\\app\\server\\db","timestamp":"2016-08-05T08:34:07.481Z"}
{"level":"info","message":"start create db tool D:\\liangzhan\\node\\rally\\app\\server\\db","timestamp":"2016-08-05T08:34:38.401Z"}
{"level":"info","message":"start create db tool D:\\liangzhan\\node\\rally\\app\\server\\db","timestamp":"2016-08-05T08:34:50.092Z"}
{"level":"info","message":"start create db tool D:\\liangzhan\\node\\rally\\app\\server\\db","timestamp":"2016-08-05T08:35:10.026Z"}
{"level":"info","message":"start create db tool D:\\liangzhan\\node\\rally\\app\\server\\db","timestamp":"2016-08-05T08:35:24.740Z"}
{"level":"info","message":"start create db tool D:\\liangzhan\\node\\rally\\app\\server\\db","timestamp":"2016-08-05T08:35:29.327Z"}
{"level":"info","message":"start create db tool D:\\liangzhan\\node\\rally\\app\\server\\db","timestamp":"2016-08-05T08:35:35.789Z"}
{"level":"info","message":"start create db tool D:\\liangzhan\\node\\rally\\app\\server\\db","timestamp":"2016-08-05T08:35:41.131Z"}
{"level":"info","message":"start create db tool D:\\liangzhan\\node\\rally\\app\\server\\db","timestamp":"2016-08-05T08:35:45.770Z"}
{"level":"info","message":"start create db tool D:\\liangzhan\\node\\rally\\app\\server\\db","timestamp":"2016-08-05T08:36:10.051Z"}
{"level":"info","message":"start create db tool D:\\liangzhan\\node\\rally\\app\\server\\db","timestamp":"2016-08-05T08:38:00.242Z"}
{"level":"info","message":"start create db tool D:\\liangzhan\\node\\rally\\app\\server\\db","timestamp":"2016-08-05T08:38:12.765Z"}
{"level":"info","message":"start create db tool D:\\liangzhan\\node\\rally\\app\\server\\db","timestamp":"2016-08-05T08:38:23.271Z"}
{"level":"info","message":"start create db tool D:\\liangzhan\\node\\rally\\app\\server\\db","timestamp":"2016-08-05T08:38:30.098Z"}
{"level":"info","message":"start create db tool D:\\liangzhan\\node\\rally\\app\\server\\db","timestamp":"2016-08-05T08:38:32.630Z"}
{"level":"info","message":"start create db tool D:\\liangzhan\\node\\rally\\app\\server\\db","timestamp":"2016-08-05T08:38:33.446Z"}
{"level":"info","message":"start create db tool D:\\liangzhan\\node\\rally\\app\\server\\db","timestamp":"2016-08-05T08:38:45.031Z"}
{"level":"info","message":"start create db tool D:\\liangzhan\\node\\rally\\app\\server\\db","timestamp":"2016-08-05T08:38:48.014Z"}
{"level":"info","message":"start create db tool D:\\liangzhan\\node\\rally\\app\\server\\db","timestamp":"2016-08-05T08:38:54.747Z"}
{"level":"info","message":"start create db tool D:\\liangzhan\\node\\rally\\app\\server\\db","timestamp":"2016-08-05T08:39:17.681Z"}
{"level":"info","message":"start create db tool D:\\liangzhan\\node\\rally\\app\\server\\db","timestamp":"2016-08-05T08:39:29.153Z"}
{"level":"info","message":"start create db tool D:\\liangzhan\\node\\rally\\app\\server\\db","timestamp":"2016-08-05T08:39:47.523Z"}
{"level":"info","message":"start create db tool D:\\liangzhan\\node\\rally\\app\\server\\db","timestamp":"2016-08-05T08:40:17.956Z"}
{"level":"info","message":"start create db tool D:\\liangzhan\\node\\rally\\app\\server\\db","timestamp":"2016-08-05T08:40:18.883Z"}
{"level":"info","message":"start create db tool D:\\liangzhan\\node\\rally\\app\\server\\db","timestamp":"2016-08-05T08:40:29.521Z"}
{"level":"info","message":"start create db tool D:\\liangzhan\\node\\rally\\app\\server\\db","timestamp":"2016-08-05T08:40:30.798Z"}
{"level":"info","message":"start create db tool D:\\liangzhan\\node\\rally\\app\\server\\db","timestamp":"2016-08-05T08:40:40.943Z"}
{"level":"info","message":"start create db tool D:\\liangzhan\\node\\rally\\app\\server\\db","timestamp":"2016-08-05T08:40:46.768Z"}
{"level":"info","message":"start create db tool D:\\liangzhan\\node\\rally\\app\\server\\db","timestamp":"2016-08-05T08:40:51.579Z"}
{"level":"info","message":"start create db tool D:\\liangzhan\\node\\rally\\app\\server\\db","timestamp":"2016-08-05T08:41:06.143Z"}
{"level":"info","message":"start create db tool D:\\liangzhan\\node\\rally\\app\\server\\db","timestamp":"2016-08-05T08:41:32.782Z"}
{"level":"info","message":"start create db tool D:\\liangzhan\\node\\rally\\app\\server\\db","timestamp":"2016-08-05T08:41:51.392Z"}
{"level":"info","message":"start create db tool D:\\liangzhan\\node\\rally\\app\\server\\db","timestamp":"2016-08-05T08:42:14.469Z"}
{"level":"info","message":"start create db tool D:\\liangzhan\\node\\rally\\app\\server\\db","timestamp":"2016-08-05T08:42:15.575Z"}
{"level":"info","message":"start create db tool D:\\liangzhan\\node\\rally\\app\\server\\db","timestamp":"2016-08-05T08:42:17.332Z"}
{"level":"info","message":"start create db tool D:\\liangzhan\\node\\rally\\app\\server\\db","timestamp":"2016-08-05T08:42:18.175Z"}
{"level":"info","message":"start create db tool D:\\liangzhan\\node\\rally\\app\\server\\db","timestamp":"2016-08-05T08:42:24.647Z"}
{"level":"info","message":"start create db tool D:\\liangzhan\\node\\rally\\app\\server\\db","timestamp":"2016-08-05T08:42:28.520Z"}
{"level":"info","message":"start create db tool D:\\liangzhan\\node\\rally\\app\\server\\db","timestamp":"2016-08-05T08:43:07.492Z"}
{"level":"info","message":"start create db tool D:\\liangzhan\\node\\rally\\app\\server\\db","timestamp":"2016-08-05T08:43:23.457Z"}
{"level":"info","message":"start create db tool D:\\liangzhan\\node\\rally\\app\\server\\db","timestamp":"2016-08-05T08:43:26.656Z"}
{"level":"info","message":"start create db tool D:\\liangzhan\\node\\rally\\app\\server\\db","timestamp":"2016-08-05T08:43:31.412Z"}
{"level":"info","message":"start create db tool D:\\liangzhan\\node\\rally\\app\\server\\db","timestamp":"2016-08-05T08:43:38.151Z"}
{"level":"info","message":"start create db tool D:\\liangzhan\\node\\rally\\app\\server\\db","timestamp":"2016-08-05T08:43:40.571Z"}
{"level":"info","message":"start create db tool D:\\liangzhan\\node\\rally\\app\\server\\db","timestamp":"2016-08-05T08:44:03.042Z"}
{"level":"info","message":"start create db tool D:\\liangzhan\\node\\rally\\app\\server\\db","timestamp":"2016-08-05T08:44:13.840Z"}
{"level":"info","message":"start create db tool D:\\liangzhan\\node\\rally\\app\\server\\db","timestamp":"2016-08-05T08:44:15.332Z"}
{"level":"info","message":"start create db tool D:\\liangzhan\\node\\rally\\app\\server\\db","timestamp":"2016-08-05T08:44:35.222Z"}
{"level":"info","message":"start create db tool D:\\liangzhan\\node\\rally\\app\\server\\db","timestamp":"2016-08-05T08:44:35.999Z"}
{"level":"info","message":"start create db tool D:\\liangzhan\\node\\rally\\app\\server\\db","timestamp":"2016-08-05T08:44:45.273Z"}
{"level":"info","message":"start create db tool D:\\liangzhan\\node\\rally\\app\\server\\db","timestamp":"2016-08-05T08:44:46.904Z"}
{"level":"info","message":"start create db tool D:\\liangzhan\\node\\rally\\app\\server\\db","timestamp":"2016-08-05T08:45:20.649Z"}
{"level":"info","message":"start create db tool D:\\liangzhan\\node\\rally\\app\\server\\db","timestamp":"2016-08-05T08:45:21.730Z"}
{"level":"info","message":"start create db tool D:\\liangzhan\\node\\rally\\app\\server\\db","timestamp":"2016-08-05T08:45:35.432Z"}
{"level":"info","message":"start create db tool D:\\liangzhan\\node\\rally\\app\\server\\db","timestamp":"2016-08-05T08:45:36.318Z"}
{"level":"info","message":"start create db tool D:\\liangzhan\\node\\rally\\app\\server\\db","timestamp":"2016-08-05T08:45:38.911Z"}
{"level":"info","message":"start create db tool D:\\liangzhan\\node\\rally\\app\\server\\db","timestamp":"2016-08-05T08:47:11.712Z"}
{"level":"info","message":"start create db tool D:\\liangzhan\\node\\rally\\app\\server\\db","timestamp":"2016-08-05T08:47:13.903Z"}
{"level":"info","message":"start create db tool D:\\liangzhan\\node\\rally\\app\\server\\db","timestamp":"2016-08-05T08:47:44.122Z"}
{"level":"info","message":"start create db tool D:\\liangzhan\\node\\rally\\app\\server\\db","timestamp":"2016-08-05T08:47:45.495Z"}
{"level":"info","message":"start create db tool D:\\liangzhan\\node\\rally\\app\\server\\db","timestamp":"2016-08-05T08:48:15.319Z"}
{"level":"info","message":"start create db tool D:\\liangzhan\\node\\rally\\app\\server\\db","timestamp":"2016-08-05T08:48:19.761Z"}
{"level":"info","message":"start create db tool D:\\liangzhan\\node\\rally\\app\\server\\db","timestamp":"2016-08-05T08:48:30.658Z"}
{"level":"info","message":"server start over","timestamp":"2016-08-05T08:48:30.824Z"}
{"level":"info","message":"start create db tool D:\\liangzhan\\node\\rally\\app\\server\\db","timestamp":"2016-08-05T08:48:31.854Z"}
{"level":"info","message":"server start over!","timestamp":"2016-08-05T08:48:31.994Z"}
{"level":"info","message":"start create db tool D:\\liangzhan\\node\\rally\\app\\server\\db","timestamp":"2016-08-05T08:48:37.000Z"}
{"level":"info","message":"server start over! D:\\liangzhan\\node\\rally\\app\\server\\controller","timestamp":"2016-08-05T08:48:37.144Z"}
{"level":"info","message":"start create db tool D:\\liangzhan\\node\\rally\\app\\server\\db","timestamp":"2016-08-05T08:48:40.164Z"}
{"level":"info","message":"server start over! D:\\liangzhan\\node\\rally\\app\\server\\controller","timestamp":"2016-08-05T08:48:40.303Z"}
{"level":"info","message":"start create db tool D:\\liangzhan\\node\\rally\\app\\server\\db","timestamp":"2016-08-05T08:49:34.805Z"}
{"level":"info","message":"server start over! D:\\liangzhan\\node\\rally\\app\\server\\controller","timestamp":"2016-08-05T08:49:34.942Z"}
{"level":"info","message":"start create db tool D:\\liangzhan\\node\\rally\\app\\server\\db","timestamp":"2016-08-05T08:50:15.176Z"}
{"level":"info","message":"start create db tool D:\\liangzhan\\node\\rally\\app\\server\\db","timestamp":"2016-08-05T08:51:14.781Z"}
{"level":"info","message":"start create db tool D:\\liangzhan\\node\\rally\\app\\server\\db","timestamp":"2016-08-05T08:51:20.330Z"}
{"level":"info","message":"server start over! D:\\liangzhan\\node\\rally","timestamp":"2016-08-05T08:51:20.468Z"}
{"level":"info","message":"start create db tool D:\\liangzhan\\node\\rally\\app\\server\\db","timestamp":"2016-08-05T08:51:21.387Z"}
{"level":"info","message":"server start over! D:\\liangzhan\\node\\rally","timestamp":"2016-08-05T08:51:21.517Z"}
{"level":"info","message":"start create db tool D:\\liangzhan\\node\\rally\\app\\server\\db","timestamp":"2016-08-05T08:51:29.188Z"}
{"level":"info","message":"server start over! D:\\liangzhan\\node\\rally","timestamp":"2016-08-05T08:51:29.320Z"}
{"level":"info","message":"start create db tool D:\\liangzhan\\node\\rally\\app\\server\\db","timestamp":"2016-08-05T08:51:45.269Z"}
{"level":"info","message":"server start over! D:\\liangzhan\\node\\rally","timestamp":"2016-08-05T08:51:45.400Z"}
{"level":"info","message":"start create db tool D:\\liangzhan\\node\\rally\\app\\server\\db","timestamp":"2016-08-05T08:52:01.476Z"}
{"level":"info","message":"server start over! D:\\liangzhan\\node\\rally","timestamp":"2016-08-05T08:52:01.602Z"}
{"level":"info","message":"start create db tool D:\\liangzhan\\node\\rally\\app\\server\\db","timestamp":"2016-08-05T08:52:02.358Z"}
{"level":"info","message":"start create db tool D:\\liangzhan\\node\\rally\\app\\server\\db","timestamp":"2016-08-05T08:52:14.350Z"}
{"level":"info","message":"server start over! D:\\liangzhan\\node\\rally","timestamp":"2016-08-05T08:52:14.485Z"}
{"level":"info","message":"start create db tool D:\\liangzhan\\node\\rally\\app\\server\\db","timestamp":"2016-08-05T08:52:35.829Z"}
{"level":"info","message":"server start over! D:\\liangzhan\\node\\rally","timestamp":"2016-08-05T08:52:35.966Z"}
{"level":"info","message":"start create db tool D:\\liangzhan\\node\\rally\\app\\server\\db","timestamp":"2016-08-05T08:53:24.442Z"}
{"level":"info","message":"server start over! D:\\liangzhan\\node\\rally","timestamp":"2016-08-05T08:53:24.569Z"}
{"level":"info","message":"start create db tool D:\\liangzhan\\node\\rally\\app\\server\\db","timestamp":"2016-08-05T08:53:30.856Z"}
{"level":"info","message":"server start over! D:\\liangzhan\\node\\rally","timestamp":"2016-08-05T08:53:31.008Z"}
{"level":"info","message":"start create db tool d:\\liangzhan\\node\\rally\\app\\server\\db","timestamp":"2016-08-05T08:53:53.852Z"}
{"level":"info","message":"server start over! d:\\liangzhan\\node\\rally","timestamp":"2016-08-05T08:53:54.064Z"}
{"level":"info","message":"start create db tool d:\\liangzhan\\node\\rally\\app\\server\\db","timestamp":"2016-08-05T08:55:34.731Z"}
{"level":"info","message":"server start over! d:\\liangzhan\\node\\rally","timestamp":"2016-08-05T08:55:34.919Z"}
{"level":"info","message":"start create db tool d:\\liangzhan\\node\\rally\\app\\server\\db","timestamp":"2016-08-05T08:56:33.652Z"}
{"level":"info","message":"server start over! d:\\liangzhan\\node\\rally","timestamp":"2016-08-05T08:56:33.841Z"}
{"level":"info","message":"start create db tool d:\\liangzhan\\node\\rally\\app\\server\\db","timestamp":"2016-08-05T08:57:36.973Z"}
{"level":"info","message":"server start over! d:\\liangzhan\\node\\rally","timestamp":"2016-08-05T08:57:37.160Z"}
{"level":"info","message":"start create db tool D:\\liangzhan\\node\\rally\\app\\server\\db","timestamp":"2016-08-05T08:58:59.504Z"}
{"level":"info","message":"server start over! D:\\liangzhan\\node\\rally","timestamp":"2016-08-05T08:58:59.636Z"}
{"level":"info","message":"start create db tool D:\\liangzhan\\node\\rally\\app\\server\\db","timestamp":"2016-08-05T08:59:17.633Z"}
{"level":"info","message":"server start over! D:\\liangzhan\\node\\rally","timestamp":"2016-08-05T08:59:17.771Z"}
{"level":"info","message":"start create db tool D:\\liangzhan\\node\\rally\\app\\server\\db","timestamp":"2016-08-05T08:59:48.559Z"}
{"level":"info","message":"server start over! D:\\liangzhan\\node\\rally","timestamp":"2016-08-05T08:59:48.749Z"}
{"level":"info","message":"start create db tool D:\\liangzhan\\node\\rally\\app\\server\\db","timestamp":"2016-08-05T09:00:07.518Z"}
{"level":"info","message":"server start over! D:\\liangzhan\\node\\rally","timestamp":"2016-08-05T09:00:07.662Z"}
{"level":"info","message":"start create db tool D:\\liangzhan\\node\\rally\\app\\server\\db","timestamp":"2016-08-05T09:01:23.809Z"}
{"level":"info","message":"server start over! D:\\liangzhan\\node\\rally","timestamp":"2016-08-05T09:01:23.934Z"}
{"level":"info","message":"start create db tool D:\\git\\rally-node\\app\\server\\db","timestamp":"2016-08-05T14:04:28.100Z"}
{"level":"info","message":"server start over! D:\\git\\rally-node","timestamp":"2016-08-05T14:04:28.156Z"}
{"level":"info","message":"start create db tool D:\\git\\rally-node\\app\\server\\db","timestamp":"2016-08-05T14:10:44.674Z"}
{"level":"info","message":"server start over! D:\\git\\rally-node","timestamp":"2016-08-05T14:10:44.732Z"}
{"level":"info","message":"start create db tool D:\\git\\rally-node\\app\\server\\db","timestamp":"2016-08-05T14:13:58.941Z"}
{"level":"info","message":"server start over! D:\\git\\rally-node","timestamp":"2016-08-05T14:13:59.018Z"}
{"level":"info","message":"start create db tool D:\\git\\rally-node\\app\\server\\db","timestamp":"2016-08-05T14:14:00.704Z"}
{"level":"info","message":"server start over! D:\\git\\rally-node","timestamp":"2016-08-05T14:14:00.780Z"}
{"level":"info","message":"server start over! D:\\git\\rally-node","timestamp":"2016-08-05T14:14:05.892Z"}
{"level":"info","message":"start create db tool D:\\git\\rally-node\\app\\server\\db","timestamp":"2016-08-05T14:15:12.825Z"}
{"level":"info","message":"server start over! D:\\git\\rally-node","timestamp":"2016-08-05T14:15:12.913Z"}
{"level":"info","message":"start create db tool D:\\git\\rally-node\\app\\server\\db","timestamp":"2016-08-05T14:15:28.390Z"}
{"level":"info","message":"start create db tool D:\\git\\rally-node\\app\\server\\db","timestamp":"2016-08-05T14:15:35.378Z"}
{"level":"info","message":"start create db tool D:\\git\\rally-node\\app\\server\\db","timestamp":"2016-08-05T14:15:42.034Z"}
{"level":"info","message":"start create db tool D:\\git\\rally-node\\app\\server\\db","timestamp":"2016-08-05T14:15:55.722Z"}
{"level":"info","message":"start create db tool D:\\git\\rally-node\\app\\server\\db","timestamp":"2016-08-05T14:15:57.972Z"}
{"level":"info","message":"start create db tool D:\\git\\rally-node\\app\\server\\db","timestamp":"2016-08-05T14:16:18.861Z"}
{"level":"info","message":"start create db tool D:\\git\\rally-node\\app\\server\\db","timestamp":"2016-08-05T14:16:23.786Z"}
{"level":"info","message":"start create db tool D:\\git\\rally-node\\app\\server\\db","timestamp":"2016-08-05T14:16:25.558Z"}
{"level":"info","message":"start create db tool D:\\git\\rally-node\\app\\server\\db","timestamp":"2016-08-05T14:16:29.190Z"}
{"level":"info","message":"start create db tool D:\\git\\rally-node\\app\\server\\db","timestamp":"2016-08-05T14:16:30.610Z"}
{"level":"info","message":"start create db tool D:\\git\\rally-node\\app\\server\\db","timestamp":"2016-08-05T14:16:36.590Z"}
{"level":"info","message":"start create db tool D:\\git\\rally-node\\app\\server\\db","timestamp":"2016-08-05T14:17:21.623Z"}
{"level":"info","message":"start create db tool D:\\git\\rally-node\\app\\server\\db","timestamp":"2016-08-05T14:17:51.701Z"}
{"level":"info","message":"start create db tool D:\\git\\rally-node\\app\\server\\db","timestamp":"2016-08-05T14:18:12.135Z"}
{"level":"info","message":"start create db tool D:\\git\\rally-node\\app\\server\\db","timestamp":"2016-08-05T14:18:16.358Z"}
{"level":"info","message":"start create db tool D:\\git\\rally-node\\app\\server\\db","timestamp":"2016-08-05T14:18:28.187Z"}
{"level":"info","message":"server start over! D:\\git\\rally-node","timestamp":"2016-08-05T14:18:28.247Z"}
{"level":"info","message":"start create db tool D:\\git\\rally-node\\app\\server\\db","timestamp":"2016-08-08T06:42:16.082Z"}
{"level":"info","message":"server start over! D:\\git\\rally-node","timestamp":"2016-08-08T06:42:16.424Z"}
{"level":"info","message":"start create db tool D:\\git\\rally-node\\app\\server\\db","timestamp":"2016-08-08T06:48:10.482Z"}
{"level":"info","message":"server start over! D:\\git\\rally-node","timestamp":"2016-08-08T06:48:10.555Z"}
{"level":"info","message":"start create db tool D:\\git\\rally-node\\app\\server\\db","timestamp":"2016-08-08T06:48:46.369Z"}
{"level":"info","message":"start create db tool D:\\git\\rally-node\\app\\server\\db","timestamp":"2016-08-08T06:48:51.223Z"}
{"level":"info","message":"server start over! D:\\git\\rally-node","timestamp":"2016-08-08T06:48:51.285Z"}
{"level":"info","message":"start create db tool D:\\git\\rally-node\\app\\server\\db","timestamp":"2016-08-08T06:48:55.801Z"}
{"level":"info","message":"server start over! D:\\git\\rally-node","timestamp":"2016-08-08T06:48:55.874Z"}
{"level":"info","message":"start create db tool D:\\git\\rally-node\\app\\server\\db","timestamp":"2016-08-08T06:49:09.475Z"}
{"level":"info","message":"start create db tool D:\\git\\rally-node\\app\\server\\db","timestamp":"2016-08-08T06:49:15.783Z"}
{"level":"info","message":"server start over! D:\\git\\rally-node","timestamp":"2016-08-08T06:49:15.839Z"}
{"level":"info","message":"start create db tool D:\\git\\rally-node\\app\\server\\db","timestamp":"2016-08-08T06:49:29.911Z"}
{"level":"info","message":"server start over! D:\\git\\rally-node","timestamp":"2016-08-08T06:49:29.971Z"}
{"level":"info","message":"start create db tool D:\\git\\rally-node\\app\\server\\db","timestamp":"2016-08-08T07:34:09.708Z"}
{"level":"info","message":"server start over! D:\\git\\rally-node","timestamp":"2016-08-08T07:34:09.768Z"}
{"level":"info","message":"start create db tool D:\\git\\rally-node\\app\\server\\db","timestamp":"2016-08-08T07:36:20.343Z"}
{"level":"info","message":"server start over! D:\\git\\rally-node","timestamp":"2016-08-08T07:36:20.410Z"}
{"level":"info","message":"start create db tool D:\\git\\rally-node\\app\\server\\db","timestamp":"2016-08-08T07:36:25.186Z"}
{"level":"info","message":"server start over! D:\\git\\rally-node","timestamp":"2016-08-08T07:36:25.257Z"}
{"level":"info","message":"start create db tool D:\\git\\rally-node\\app\\server\\db","timestamp":"2016-08-08T07:36:38.941Z"}
{"level":"info","message":"server start over! D:\\git\\rally-node","timestamp":"2016-08-08T07:36:39.080Z"}
{"level":"info","message":"start create db tool D:\\git\\rally-node\\app\\server\\db","timestamp":"2016-08-08T07:37:02.295Z"}
{"level":"info","message":"server start over! D:\\git\\rally-node","timestamp":"2016-08-08T07:37:02.353Z"}
{"level":"info","message":"start create db tool D:\\git\\rally-node\\app\\server\\db","timestamp":"2016-08-08T07:37:45.271Z"}
{"level":"info","message":"server start over! D:\\git\\rally-node","timestamp":"2016-08-08T07:37:45.328Z"}
{"level":"info","message":"start create db tool D:\\git\\rally-node\\app\\server\\db","timestamp":"2016-08-08T07:37:47.002Z"}
{"level":"info","message":"server start over! D:\\git\\rally-node","timestamp":"2016-08-08T07:37:47.072Z"}
{"level":"info","message":"start create db tool D:\\git\\rally-node\\app\\server\\db","timestamp":"2016-08-08T07:39:34.309Z"}
{"level":"info","message":"server start over! D:\\git\\rally-node","timestamp":"2016-08-08T07:39:34.365Z"}
{"level":"info","message":"start create db tool D:\\git\\rally-node\\app\\server\\db","timestamp":"2016-08-08T07:39:49.558Z"}
{"level":"info","message":"server start over! D:\\git\\rally-node","timestamp":"2016-08-08T07:39:49.624Z"}
{"level":"info","message":"start create db tool D:\\git\\rally-node\\app\\server\\db","timestamp":"2016-08-08T07:40:36.175Z"}
{"level":"info","message":"server start over! D:\\git\\rally-node","timestamp":"2016-08-08T07:40:36.235Z"}
{"level":"info","message":"start create db tool D:\\git\\rally-node\\app\\server\\db","timestamp":"2016-08-08T07:40:49.033Z"}
{"level":"info","message":"server start over! D:\\git\\rally-node","timestamp":"2016-08-08T07:40:49.097Z"}
{"level":"info","message":"start create db tool D:\\git\\rally-node\\app\\server\\db","timestamp":"2016-08-08T07:40:52.436Z"}
{"level":"info","message":"server start over! D:\\git\\rally-node","timestamp":"2016-08-08T07:40:52.537Z"}
{"level":"info","message":"start create db tool D:\\git\\rally-node\\app\\server\\db","timestamp":"2016-08-08T07:41:08.676Z"}
{"level":"info","message":"server start over! D:\\git\\rally-node","timestamp":"2016-08-08T07:41:08.730Z"}
{"level":"info","message":"start create db tool D:\\git\\rally-node\\app\\server\\db","timestamp":"2016-08-08T07:41:12.382Z"}
{"level":"info","message":"server start over! D:\\git\\rally-node","timestamp":"2016-08-08T07:41:12.443Z"}
{"level":"info","message":"start create db tool D:\\git\\rally-node\\app\\server\\db","timestamp":"2016-08-08T07:41:13.961Z"}
{"level":"info","message":"server start over! D:\\git\\rally-node","timestamp":"2016-08-08T07:41:14.070Z"}
{"level":"info","message":"start create db tool D:\\git\\rally-node\\app\\server\\db","timestamp":"2016-08-08T07:41:19.303Z"}
{"level":"info","message":"server start over! D:\\git\\rally-node","timestamp":"2016-08-08T07:41:19.360Z"}
{"level":"info","message":"start create db tool D:\\git\\rally-node\\app\\server\\db","timestamp":"2016-08-08T07:41:20.826Z"}
{"level":"info","message":"server start over! D:\\git\\rally-node","timestamp":"2016-08-08T07:41:20.896Z"}
{"level":"info","message":"start create db tool D:\\git\\rally-node\\app\\server\\db","timestamp":"2016-08-08T07:41:34.193Z"}
{"level":"info","message":"server start over! D:\\git\\rally-node","timestamp":"2016-08-08T07:41:34.254Z"}
{"level":"info","message":"start create db tool D:\\git\\rally-node\\app\\server\\db","timestamp":"2016-08-08T07:41:40.933Z"}
{"level":"info","message":"server start over! D:\\git\\rally-node","timestamp":"2016-08-08T07:41:40.991Z"}
{"level":"info","message":"start create db tool D:\\git\\rally-node\\app\\server\\db","timestamp":"2016-08-08T07:44:56.032Z"}
{"level":"info","message":"server start over! D:\\git\\rally-node","timestamp":"2016-08-08T07:44:56.088Z"}
{"level":"info","message":"start create db tool D:\\git\\rally-node\\app\\server\\db","timestamp":"2016-08-08T07:45:01.820Z"}
{"level":"info","message":"server start over! D:\\git\\rally-node","timestamp":"2016-08-08T07:45:01.879Z"}
{"level":"info","message":"start create db tool D:\\git\\rally-node\\app\\server\\db","timestamp":"2016-08-08T07:45:25.679Z"}
{"level":"info","message":"server start over! D:\\git\\rally-node","timestamp":"2016-08-08T07:45:25.746Z"}
{"level":"info","message":"start create db tool D:\\git\\rally-node\\app\\server\\db","timestamp":"2016-08-08T07:45:50.393Z"}
{"level":"info","message":"server start over! D:\\git\\rally-node","timestamp":"2016-08-08T07:45:50.447Z"}
{"level":"info","message":"start create db tool D:\\git\\rally-node\\app\\server\\db","timestamp":"2016-08-08T07:46:10.628Z"}
{"level":"info","message":"server start over! D:\\git\\rally-node","timestamp":"2016-08-08T07:46:10.687Z"}
{"level":"info","message":"start create db tool D:\\git\\rally-node\\app\\server\\db","timestamp":"2016-08-08T07:46:11.476Z"}
{"level":"info","message":"server start over! D:\\git\\rally-node","timestamp":"2016-08-08T07:46:11.558Z"}
{"level":"info","message":"start create db tool D:\\git\\rally-node\\app\\server\\db","timestamp":"2016-08-08T07:46:19.608Z"}
{"level":"info","message":"server start over! D:\\git\\rally-node","timestamp":"2016-08-08T07:46:19.663Z"}
{"level":"info","message":"start create db tool D:\\git\\rally-node\\app\\server\\db","timestamp":"2016-08-08T07:46:34.680Z"}
{"level":"info","message":"server start over! D:\\git\\rally-node","timestamp":"2016-08-08T07:46:34.737Z"}
{"level":"info","message":"start create db tool D:\\git\\rally-node\\app\\server\\db","timestamp":"2016-08-08T07:46:44.453Z"}
{"level":"info","message":"server start over! D:\\git\\rally-node","timestamp":"2016-08-08T07:46:44.540Z"}
{"level":"info","message":"start create db tool D:\\git\\rally-node\\app\\server\\db","timestamp":"2016-08-08T07:46:45.499Z"}
{"level":"info","message":"server start over! D:\\git\\rally-node","timestamp":"2016-08-08T07:46:45.571Z"}
{"level":"info","message":"start create db tool D:\\git\\rally-node\\app\\server\\db","timestamp":"2016-08-08T07:47:07.467Z"}
{"level":"info","message":"server start over! D:\\git\\rally-node","timestamp":"2016-08-08T07:47:07.523Z"}
{"level":"info","message":"start create db tool D:\\git\\rally-node\\app\\server\\db","timestamp":"2016-08-08T07:47:08.514Z"}
{"level":"info","message":"server start over! D:\\git\\rally-node","timestamp":"2016-08-08T07:47:08.598Z"}
{"level":"info","message":"start create db tool D:\\git\\rally-node\\app\\server\\db","timestamp":"2016-08-08T07:47:42.616Z"}
{"level":"info","message":"server start over! D:\\git\\rally-node","timestamp":"2016-08-08T07:47:42.672Z"}
{"level":"info","message":"start create db tool D:\\git\\rally-node\\app\\server\\db","timestamp":"2016-08-08T07:47:46.380Z"}
{"level":"info","message":"server start over! D:\\git\\rally-node","timestamp":"2016-08-08T07:47:46.434Z"}
{"level":"info","message":"start create db tool D:\\git\\rally-node\\app\\server\\db","timestamp":"2016-08-08T07:47:49.909Z"}
{"level":"info","message":"server start over! D:\\git\\rally-node","timestamp":"2016-08-08T07:47:49.978Z"}
{"level":"info","message":"start create db tool D:\\git\\rally-node\\app\\server\\db","timestamp":"2016-08-08T07:47:56.207Z"}
{"level":"info","message":"server start over! D:\\git\\rally-node","timestamp":"2016-08-08T07:47:56.270Z"}
{"level":"info","message":"start create db tool D:\\git\\rally-node\\app\\server\\db","timestamp":"2016-08-08T07:47:58.387Z"}
{"level":"info","message":"server start over! D:\\git\\rally-node","timestamp":"2016-08-08T07:47:58.441Z"}
{"level":"info","message":"start create db tool D:\\git\\rally-node\\app\\server\\db","timestamp":"2016-08-08T07:49:55.661Z"}
{"level":"info","message":"server start over! D:\\git\\rally-node","timestamp":"2016-08-08T07:49:55.719Z"}
{"level":"info","message":"start create db tool D:\\git\\rally-node\\app\\server\\db","timestamp":"2016-08-08T07:50:35.476Z"}
{"level":"info","message":"server start over! D:\\git\\rally-node","timestamp":"2016-08-08T07:50:35.534Z"}
{"level":"info","message":"start create db tool D:\\git\\rally-node\\app\\server\\db","timestamp":"2016-08-08T07:50:54.170Z"}
{"level":"info","message":"server start over! D:\\git\\rally-node","timestamp":"2016-08-08T07:50:54.230Z"}
{"level":"info","message":"start create db tool D:\\git\\rally-node\\app\\server\\db","timestamp":"2016-08-08T07:50:59.818Z"}
{"level":"info","message":"server start over! D:\\git\\rally-node","timestamp":"2016-08-08T07:50:59.873Z"}
{"level":"info","message":"start create db tool D:\\git\\rally-node\\app\\server\\db","timestamp":"2016-08-08T07:51:11.582Z"}
{"level":"info","message":"server start over! D:\\git\\rally-node","timestamp":"2016-08-08T07:51:11.637Z"}
{"level":"info","message":"start create db tool D:\\git\\rally-node\\app\\server\\db","timestamp":"2016-08-08T07:51:13.067Z"}
{"level":"info","message":"server start over! D:\\git\\rally-node","timestamp":"2016-08-08T07:51:13.126Z"}
{"level":"info","message":"start create db tool D:\\git\\rally-node\\app\\server\\db","timestamp":"2016-08-08T07:51:20.807Z"}
{"level":"info","message":"server start over! D:\\git\\rally-node","timestamp":"2016-08-08T07:51:20.865Z"}
{"level":"info","message":"start create db tool D:\\git\\rally-node\\app\\server\\db","timestamp":"2016-08-08T07:51:31.338Z"}
{"level":"info","message":"server start over! D:\\git\\rally-node","timestamp":"2016-08-08T07:51:31.397Z"}
{"level":"info","message":"start create db tool D:\\git\\rally-node\\app\\server\\db","timestamp":"2016-08-08T07:51:41.703Z"}
{"level":"info","message":"server start over! D:\\git\\rally-node","timestamp":"2016-08-08T07:51:41.757Z"}
{"level":"info","message":"start create db tool D:\\git\\rally-node\\app\\server\\db","timestamp":"2016-08-08T07:51:49.367Z"}
{"level":"info","message":"server start over! D:\\git\\rally-node","timestamp":"2016-08-08T07:51:49.423Z"}
{"level":"info","message":"start create db tool D:\\git\\rally-node\\app\\server\\db","timestamp":"2016-08-08T07:51:54.498Z"}
{"level":"info","message":"server start over! D:\\git\\rally-node","timestamp":"2016-08-08T07:51:54.580Z"}
{"level":"info","message":"start create db tool D:\\git\\rally-node\\app\\server\\db","timestamp":"2016-08-08T07:52:12.636Z"}
{"level":"info","message":"server start over! D:\\git\\rally-node","timestamp":"2016-08-08T07:52:12.690Z"}
{"level":"info","message":"start create db tool D:\\git\\rally-node\\app\\server\\db","timestamp":"2016-08-08T07:52:16.570Z"}
{"level":"info","message":"server start over! D:\\git\\rally-node","timestamp":"2016-08-08T07:52:16.626Z"}
{"level":"info","message":"start create db tool D:\\git\\rally-node\\app\\server\\db","timestamp":"2016-08-08T07:52:17.752Z"}
{"level":"info","message":"server start over! D:\\git\\rally-node","timestamp":"2016-08-08T07:52:17.828Z"}
{"level":"info","message":"start create db tool D:\\git\\rally-node\\app\\server\\db","timestamp":"2016-08-08T07:52:50.508Z"}
{"level":"info","message":"server start over! D:\\git\\rally-node","timestamp":"2016-08-08T07:52:50.564Z"}
{"level":"info","message":"start create db tool D:\\git\\rally-node\\app\\server\\db","timestamp":"2016-08-08T07:53:32.267Z"}
{"level":"info","message":"server start over! D:\\git\\rally-node","timestamp":"2016-08-08T07:53:32.323Z"}
{"level":"info","message":"start create db tool D:\\git\\rally-node\\app\\server\\db","timestamp":"2016-08-08T07:53:33.666Z"}
{"level":"info","message":"server start over! D:\\git\\rally-node","timestamp":"2016-08-08T07:53:33.724Z"}
{"level":"info","message":"start create db tool D:\\git\\rally-node\\app\\server\\db","timestamp":"2016-08-08T07:53:34.487Z"}
{"level":"info","message":"server start over! D:\\git\\rally-node","timestamp":"2016-08-08T07:53:34.551Z"}
{"level":"info","message":"start create db tool D:\\git\\rally-node\\app\\server\\db","timestamp":"2016-08-08T07:53:39.885Z"}
{"level":"info","message":"server start over! D:\\git\\rally-node","timestamp":"2016-08-08T07:53:39.942Z"}
{"level":"info","message":"start create db tool D:\\git\\rally-node\\app\\server\\db","timestamp":"2016-08-08T07:53:56.268Z"}
{"level":"info","message":"server start over! D:\\git\\rally-node","timestamp":"2016-08-08T07:53:56.325Z"}
{"level":"info","message":"start create db tool D:\\git\\rally-node\\app\\server\\db","timestamp":"2016-08-08T07:54:00.129Z"}
{"level":"info","message":"server start over! D:\\git\\rally-node","timestamp":"2016-08-08T07:54:00.194Z"}
{"level":"info","message":"start create db tool D:\\git\\rally-node\\app\\server\\db","timestamp":"2016-08-08T07:54:08.028Z"}
{"level":"info","message":"server start over! D:\\git\\rally-node","timestamp":"2016-08-08T07:54:08.083Z"}
{"level":"info","message":"start create db tool D:\\git\\rally-node\\app\\server\\db","timestamp":"2016-08-08T07:54:13.291Z"}
{"level":"info","message":"server start over! D:\\git\\rally-node","timestamp":"2016-08-08T07:54:13.350Z"}
{"level":"info","message":"start create db tool D:\\git\\rally-node\\app\\server\\db","timestamp":"2016-08-08T07:54:16.956Z"}
{"level":"info","message":"server start over! D:\\git\\rally-node","timestamp":"2016-08-08T07:54:17.013Z"}
{"level":"info","message":"start create db tool D:\\git\\rally-node\\app\\server\\db","timestamp":"2016-08-08T08:04:27.122Z"}
{"level":"info","message":"server start over! D:\\git\\rally-node","timestamp":"2016-08-08T08:04:27.181Z"}
{"level":"info","message":"start create db tool D:\\git\\rally-node\\app\\server\\db","timestamp":"2016-08-08T08:04:34.475Z"}
{"level":"info","message":"server start over! D:\\git\\rally-node","timestamp":"2016-08-08T08:04:34.536Z"}
{"level":"info","message":"start create db tool D:\\git\\rally-node\\app\\server\\db","timestamp":"2016-08-08T08:04:55.680Z"}
{"level":"info","message":"server start over! D:\\git\\rally-node","timestamp":"2016-08-08T08:04:55.766Z"}
{"level":"info","message":"start create db tool D:\\git\\rally-node\\app\\server\\db","timestamp":"2016-08-08T08:05:08.931Z"}
{"level":"info","message":"server start over! D:\\git\\rally-node","timestamp":"2016-08-08T08:05:08.986Z"}
{"level":"info","message":"start create db tool D:\\git\\rally-node\\app\\server\\db","timestamp":"2016-08-08T08:05:25.706Z"}
{"level":"info","message":"server start over! D:\\git\\rally-node","timestamp":"2016-08-08T08:05:25.762Z"}
{"level":"info","message":"start create db tool D:\\git\\rally-node\\app\\server\\db","timestamp":"2016-08-08T08:05:26.469Z"}
{"level":"info","message":"server start over! D:\\git\\rally-node","timestamp":"2016-08-08T08:05:26.560Z"}
{"level":"info","message":"start create db tool D:\\git\\rally-node\\app\\server\\db","timestamp":"2016-08-08T08:05:29.303Z"}
{"level":"info","message":"server start over! D:\\git\\rally-node","timestamp":"2016-08-08T08:05:29.367Z"}
{"level":"info","message":"start create db tool D:\\git\\rally-node\\app\\server\\db","timestamp":"2016-08-08T08:05:31.175Z"}
{"level":"info","message":"server start over! D:\\git\\rally-node","timestamp":"2016-08-08T08:05:31.263Z"}
{"level":"info","message":"start create db tool D:\\git\\rally-node\\app\\server\\db","timestamp":"2016-08-08T08:05:49.008Z"}
{"level":"info","message":"server start over! D:\\git\\rally-node","timestamp":"2016-08-08T08:05:49.078Z"}
{"level":"info","message":"start create db tool D:\\git\\rally-node\\app\\server\\db","timestamp":"2016-08-08T08:05:52.951Z"}
{"level":"info","message":"server start over! D:\\git\\rally-node","timestamp":"2016-08-08T08:05:53.016Z"}
{"level":"info","message":"start create db tool D:\\git\\rally-node\\app\\server\\db","timestamp":"2016-08-08T08:06:09.933Z"}
{"level":"info","message":"server start over! D:\\git\\rally-node","timestamp":"2016-08-08T08:06:09.990Z"}
{"level":"info","message":"start create db tool D:\\git\\rally-node\\app\\server\\db","timestamp":"2016-08-08T08:06:12.598Z"}
{"level":"info","message":"server start over! D:\\git\\rally-node","timestamp":"2016-08-08T08:06:12.654Z"}
{"level":"info","message":"start create db tool D:\\git\\rally-node\\app\\server\\db","timestamp":"2016-08-08T08:06:19.322Z"}
{"level":"info","message":"server start over! D:\\git\\rally-node","timestamp":"2016-08-08T08:06:19.380Z"}
{"level":"info","message":"start create db tool D:\\git\\rally-node\\app\\server\\db","timestamp":"2016-08-08T08:06:48.782Z"}
{"level":"info","message":"server start over! D:\\git\\rally-node","timestamp":"2016-08-08T08:06:48.838Z"}
{"level":"info","message":"start create db tool D:\\git\\rally-node\\app\\server\\db","timestamp":"2016-08-08T08:06:58.559Z"}
{"level":"info","message":"server start over! D:\\git\\rally-node","timestamp":"2016-08-08T08:06:58.627Z"}
{"level":"info","message":"start create db tool D:\\git\\rally-node\\app\\server\\db","timestamp":"2016-08-08T08:07:05.552Z"}
{"level":"info","message":"server start over! D:\\git\\rally-node","timestamp":"2016-08-08T08:07:05.641Z"}
{"level":"info","message":"start create db tool D:\\git\\rally-node\\app\\server\\db","timestamp":"2016-08-08T08:07:20.677Z"}
{"level":"info","message":"server start over! D:\\git\\rally-node","timestamp":"2016-08-08T08:07:20.734Z"}
{"level":"info","message":"start create db tool D:\\git\\rally-node\\app\\server\\db","timestamp":"2016-08-08T08:07:34.156Z"}
{"level":"info","message":"server start over! D:\\git\\rally-node","timestamp":"2016-08-08T08:07:34.213Z"}
{"level":"info","message":"start create db tool D:\\git\\rally-node\\app\\server\\db","timestamp":"2016-08-08T08:07:49.180Z"}
{"level":"info","message":"server start over! D:\\git\\rally-node","timestamp":"2016-08-08T08:07:49.248Z"}
{"level":"info","message":"start create db tool D:\\git\\rally-node\\app\\server\\db","timestamp":"2016-08-08T08:07:49.947Z"}
{"level":"info","message":"server start over! D:\\git\\rally-node","timestamp":"2016-08-08T08:07:50.016Z"}
{"level":"info","message":"start create db tool D:\\git\\rally-node\\app\\server\\db","timestamp":"2016-08-08T08:07:50.734Z"}
{"level":"info","message":"server start over! D:\\git\\rally-node","timestamp":"2016-08-08T08:07:50.796Z"}
{"level":"info","message":"start create db tool D:\\git\\rally-node\\app\\server\\db","timestamp":"2016-08-08T08:07:57.324Z"}
{"level":"info","message":"server start over! D:\\git\\rally-node","timestamp":"2016-08-08T08:07:57.397Z"}
{"level":"info","message":"start create db tool D:\\git\\rally-node\\app\\server\\db","timestamp":"2016-08-08T08:08:08.823Z"}
{"level":"info","message":"server start over! D:\\git\\rally-node","timestamp":"2016-08-08T08:08:08.879Z"}
{"level":"info","message":"start create db tool D:\\git\\rally-node\\app\\server\\db","timestamp":"2016-08-08T08:08:09.587Z"}
{"level":"info","message":"server start over! D:\\git\\rally-node","timestamp":"2016-08-08T08:08:09.667Z"}
{"level":"info","message":"start create db tool D:\\git\\rally-node\\app\\server\\db","timestamp":"2016-08-08T08:08:10.571Z"}
{"level":"info","message":"server start over! D:\\git\\rally-node","timestamp":"2016-08-08T08:08:10.627Z"}
{"level":"info","message":"start create db tool D:\\git\\rally-node\\app\\server\\db","timestamp":"2016-08-08T08:08:34.333Z"}
{"level":"info","message":"server start over! D:\\git\\rally-node","timestamp":"2016-08-08T08:08:34.391Z"}
{"level":"info","message":"start create db tool D:\\git\\rally-node\\app\\server\\db","timestamp":"2016-08-08T08:08:39.149Z"}
{"level":"info","message":"server start over! D:\\git\\rally-node","timestamp":"2016-08-08T08:08:39.219Z"}
{"level":"info","message":"start create db tool D:\\git\\rally-node\\app\\server\\db","timestamp":"2016-08-08T08:08:42.959Z"}
{"level":"info","message":"server start over! D:\\git\\rally-node","timestamp":"2016-08-08T08:08:43.017Z"}
{"level":"info","message":"start create db tool D:\\git\\rally-node\\app\\server\\db","timestamp":"2016-08-08T08:11:10.544Z"}
{"level":"info","message":"server start over! D:\\git\\rally-node","timestamp":"2016-08-08T08:11:10.618Z"}
{"level":"info","message":"start create db tool D:\\git\\rally-node\\app\\server\\db","timestamp":"2016-08-08T08:11:11.533Z"}
{"level":"info","message":"server start over! D:\\git\\rally-node","timestamp":"2016-08-08T08:11:11.613Z"}
{"level":"info","message":"start create db tool D:\\git\\rally-node\\app\\server\\db","timestamp":"2016-08-08T08:12:08.381Z"}
{"level":"info","message":"server start over! D:\\git\\rally-node","timestamp":"2016-08-08T08:12:08.438Z"}
{"level":"info","message":"start create db tool D:\\git\\rally-node\\app\\server\\db","timestamp":"2016-08-08T08:12:19.552Z"}
{"level":"info","message":"server start over! D:\\git\\rally-node","timestamp":"2016-08-08T08:12:19.611Z"}
{"level":"info","message":"start create db tool D:\\git\\rally-node\\app\\server\\db","timestamp":"2016-08-08T08:12:31.866Z"}
{"level":"info","message":"server start over! D:\\git\\rally-node","timestamp":"2016-08-08T08:12:31.926Z"}
{"level":"info","message":"start create db tool D:\\git\\rally-node\\app\\server\\db","timestamp":"2016-08-08T08:12:54.924Z"}
{"level":"info","message":"server start over! D:\\git\\rally-node","timestamp":"2016-08-08T08:12:54.981Z"}
{"level":"info","message":"start create db tool D:\\git\\rally-node\\app\\server\\db","timestamp":"2016-08-08T08:13:04.732Z"}
{"level":"info","message":"server start over! D:\\git\\rally-node","timestamp":"2016-08-08T08:13:04.791Z"}
{"level":"info","message":"start create db tool D:\\git\\rally-node\\app\\server\\db","timestamp":"2016-08-08T08:13:06.542Z"}
{"level":"info","message":"server start over! D:\\git\\rally-node","timestamp":"2016-08-08T08:13:06.605Z"}
{"level":"info","message":"start create db tool D:\\git\\rally-node\\app\\server\\db","timestamp":"2016-08-08T08:13:13.302Z"}
{"level":"info","message":"server start over! D:\\git\\rally-node","timestamp":"2016-08-08T08:13:13.388Z"}
{"level":"info","message":"start create db tool D:\\git\\rally-node\\app\\server\\db","timestamp":"2016-08-08T08:13:33.931Z"}
{"level":"info","message":"server start over! D:\\git\\rally-node","timestamp":"2016-08-08T08:13:33.993Z"}
{"level":"info","message":"start create db tool D:\\git\\rally-node\\app\\server\\db","timestamp":"2016-08-08T08:13:36.271Z"}
{"level":"info","message":"server start over! D:\\git\\rally-node","timestamp":"2016-08-08T08:13:36.338Z"}
{"level":"info","message":"start create db tool D:\\git\\rally-node\\app\\server\\db","timestamp":"2016-08-08T08:13:40.449Z"}
{"level":"info","message":"server start over! D:\\git\\rally-node","timestamp":"2016-08-08T08:13:40.523Z"}
{"level":"info","message":"start create db tool D:\\git\\rally-node\\app\\server\\db","timestamp":"2016-08-08T08:13:41.779Z"}
{"level":"info","message":"server start over! D:\\git\\rally-node","timestamp":"2016-08-08T08:13:41.844Z"}
{"level":"info","message":"start create db tool D:\\git\\rally-node\\app\\server\\db","timestamp":"2016-08-08T08:14:14.173Z"}
{"level":"info","message":"server start over! D:\\git\\rally-node","timestamp":"2016-08-08T08:14:14.229Z"}
{"level":"info","message":"start create db tool D:\\git\\rally-node\\app\\server\\db","timestamp":"2016-08-08T08:14:44.164Z"}
{"level":"info","message":"server start over! D:\\git\\rally-node","timestamp":"2016-08-08T08:14:44.223Z"}
{"level":"info","message":"start create db tool D:\\git\\rally-node\\app\\server\\db","timestamp":"2016-08-08T08:14:55.065Z"}
{"level":"info","message":"server start over! D:\\git\\rally-node","timestamp":"2016-08-08T08:14:55.123Z"}
{"level":"info","message":"start create db tool D:\\youto\\git\\rally-node\\app\\server\\db","timestamp":"2016-08-09T02:11:06.264Z"}
{"level":"info","message":"server start over! D:\\youto\\git\\rally-node","timestamp":"2016-08-09T02:11:06.386Z"}
{"level":"info","message":"start create db tool D:\\youto\\git\\rally-node\\app\\server\\db","timestamp":"2016-08-09T02:16:23.081Z"}
{"level":"info","message":"server start over! D:\\youto\\git\\rally-node","timestamp":"2016-08-09T02:16:23.415Z"}
{"level":"info","message":"start create db tool D:\\youto\\git\\rally-node\\app\\server\\db","timestamp":"2016-08-09T02:16:50.737Z"}
{"level":"info","message":"server start over! D:\\youto\\git\\rally-node","timestamp":"2016-08-09T02:16:50.920Z"}
{"level":"info","message":"start create db tool D:\\youto\\git\\rally-node\\app\\server\\db","timestamp":"2016-08-09T02:22:15.651Z"}
{"level":"info","message":"server start over! D:\\youto\\git\\rally-node","timestamp":"2016-08-09T02:22:15.864Z"}
{"level":"info","message":"start create db tool D:\\youto\\git\\rally-node\\app\\server\\db","timestamp":"2016-08-09T02:22:17.645Z"}
{"level":"info","message":"server start over! D:\\youto\\git\\rally-node","timestamp":"2016-08-09T02:22:17.814Z"}
{"level":"info","message":"start create db tool D:\\youto\\git\\rally-node\\app\\server\\db","timestamp":"2016-08-09T02:22:47.832Z"}
{"level":"info","message":"server start over! D:\\youto\\git\\rally-node","timestamp":"2016-08-09T02:22:48.111Z"}
{"level":"info","message":"start create db tool D:\\youto\\git\\rally-node\\app\\server\\db","timestamp":"2016-08-09T02:23:16.028Z"}
{"level":"info","message":"server start over! D:\\youto\\git\\rally-node","timestamp":"2016-08-09T02:23:16.199Z"}
{"level":"info","message":"start create db tool D:\\youto\\git\\rally-node\\app\\server\\db","timestamp":"2016-08-09T02:23:17.695Z"}
{"level":"info","message":"server start over! D:\\youto\\git\\rally-node","timestamp":"2016-08-09T02:23:17.877Z"}
{"level":"info","message":"start create db tool D:\\youto\\git\\rally-node\\app\\server\\db","timestamp":"2016-08-09T02:30:53.144Z"}
{"level":"info","message":"server start over! D:\\youto\\git\\rally-node","timestamp":"2016-08-09T02:30:53.313Z"}
{"level":"info","message":"start create db tool D:\\youto\\git\\rally-node\\app\\server\\db","timestamp":"2016-08-09T02:31:41.280Z"}
{"level":"info","message":"server start over! D:\\youto\\git\\rally-node","timestamp":"2016-08-09T02:31:41.489Z"}
{"level":"info","message":"start create db tool D:\\youto\\git\\rally-node\\app\\server\\db","timestamp":"2016-08-09T02:31:43.642Z"}
{"level":"info","message":"server start over! D:\\youto\\git\\rally-node","timestamp":"2016-08-09T02:31:43.802Z"}
{"level":"info","message":"start create db tool D:\\youto\\git\\rally-node\\app\\server\\db","timestamp":"2016-08-09T02:31:55.832Z"}
{"level":"info","message":"server start over! D:\\youto\\git\\rally-node","timestamp":"2016-08-09T02:31:56.001Z"}
{"level":"info","message":"start create db tool D:\\youto\\git\\rally-node\\app\\server\\db","timestamp":"2016-08-09T02:37:54.665Z"}
{"level":"info","message":"start create db tool D:\\youto\\git\\rally-node\\app\\server\\db","timestamp":"2016-08-09T02:38:10.060Z"}
{"level":"info","message":"start create db tool D:\\youto\\git\\rally-node\\app\\server\\db","timestamp":"2016-08-09T02:38:13.118Z"}
{"level":"info","message":"start create db tool D:\\youto\\git\\rally-node\\app\\server\\db","timestamp":"2016-08-09T02:38:20.585Z"}
{"level":"info","message":"start create db tool D:\\youto\\git\\rally-node\\app\\server\\db","timestamp":"2016-08-09T02:39:08.566Z"}
{"level":"info","message":"server start over! D:\\youto\\git\\rally-node","timestamp":"2016-08-09T02:39:08.737Z"}
{"level":"info","message":"start create db tool D:\\youto\\git\\rally-node\\app\\server\\db","timestamp":"2016-08-09T02:39:21.459Z"}
{"level":"info","message":"start create db tool D:\\youto\\git\\rally-node\\app\\server\\db","timestamp":"2016-08-09T02:39:26.662Z"}
{"level":"info","message":"start create db tool D:\\youto\\git\\rally-node\\app\\server\\db","timestamp":"2016-08-09T02:39:33.110Z"}
{"level":"info","message":"server start over! D:\\youto\\git\\rally-node","timestamp":"2016-08-09T02:39:33.282Z"}
{"level":"info","message":"start create db tool D:\\youto\\git\\rally-node\\app\\server\\db","timestamp":"2016-08-09T02:39:38.384Z"}
{"level":"info","message":"server start over! D:\\youto\\git\\rally-node","timestamp":"2016-08-09T02:39:38.541Z"}
{"level":"info","message":"start create db tool D:\\youto\\git\\rally-node\\app\\server\\db","timestamp":"2016-08-09T02:40:32.559Z"}
{"level":"info","message":"server start over! D:\\youto\\git\\rally-node","timestamp":"2016-08-09T02:40:32.702Z"}
{"level":"info","message":"start create db tool D:\\youto\\git\\rally-node\\app\\server\\db","timestamp":"2016-08-09T02:40:54.791Z"}
{"level":"info","message":"server start over! D:\\youto\\git\\rally-node","timestamp":"2016-08-09T02:40:54.941Z"}
{"level":"info","message":"start create db tool D:\\youto\\git\\rally-node\\app\\server\\db","timestamp":"2016-08-09T02:41:07.637Z"}
{"level":"info","message":"server start over! D:\\youto\\git\\rally-node","timestamp":"2016-08-09T02:41:07.805Z"}
{"level":"info","message":"start create db tool D:\\youto\\git\\rally-node\\app\\server\\db","timestamp":"2016-08-09T02:41:51.656Z"}
{"level":"info","message":"start create db tool D:\\youto\\git\\rally-node\\app\\server\\db","timestamp":"2016-08-09T02:41:54.868Z"}
{"level":"info","message":"start create db tool D:\\youto\\git\\rally-node\\app\\server\\db","timestamp":"2016-08-09T02:42:01.050Z"}
{"level":"info","message":"start create db tool D:\\youto\\git\\rally-node\\app\\server\\db","timestamp":"2016-08-09T02:42:03.354Z"}
{"level":"info","message":"start create db tool D:\\youto\\git\\rally-node\\app\\server\\db","timestamp":"2016-08-09T02:42:10.735Z"}
{"level":"info","message":"server start over! D:\\youto\\git\\rally-node","timestamp":"2016-08-09T02:42:10.885Z"}
{"level":"info","message":"start create db tool D:\\youto\\git\\rally-node\\app\\server\\db","timestamp":"2016-08-09T02:42:17.656Z"}
{"level":"info","message":"start create db tool D:\\youto\\git\\rally-node\\app\\server\\db","timestamp":"2016-08-09T02:42:23.513Z"}
{"level":"info","message":"start create db tool D:\\youto\\git\\rally-node\\app\\server\\db","timestamp":"2016-08-09T02:42:32.712Z"}
{"level":"info","message":"server start over! D:\\youto\\git\\rally-node","timestamp":"2016-08-09T02:42:32.855Z"}
{"level":"info","message":"start create db tool D:\\youto\\git\\rally-node\\app\\server\\db","timestamp":"2016-08-09T02:43:08.435Z"}
{"level":"info","message":"server start over! D:\\youto\\git\\rally-node","timestamp":"2016-08-09T02:43:08.572Z"}
{"level":"info","message":"start create db tool D:\\youto\\git\\rally-node\\app\\server\\db","timestamp":"2016-08-09T02:43:10.655Z"}
{"level":"info","message":"server start over! D:\\youto\\git\\rally-node","timestamp":"2016-08-09T02:43:10.833Z"}
{"level":"info","message":"start create db tool D:\\youto\\git\\rally-node\\app\\server\\db","timestamp":"2016-08-09T02:43:21.534Z"}
{"level":"info","message":"server start over! D:\\youto\\git\\rally-node","timestamp":"2016-08-09T02:43:21.687Z"}
{"level":"info","message":"start create db tool D:\\youto\\git\\rally-node\\app\\server\\db","timestamp":"2016-08-09T02:43:47.867Z"}
{"level":"info","message":"server start over! D:\\youto\\git\\rally-node","timestamp":"2016-08-09T02:43:48.099Z"}
{"level":"info","message":"start create db tool D:\\youto\\git\\rally-node\\app\\server\\db","timestamp":"2016-08-09T02:43:57.507Z"}
{"level":"info","message":"server start over! D:\\youto\\git\\rally-node","timestamp":"2016-08-09T02:43:57.688Z"}
{"level":"info","message":"start create db tool D:\\youto\\git\\rally-node\\app\\server\\db","timestamp":"2016-08-09T02:44:32.677Z"}
{"level":"info","message":"server start over! D:\\youto\\git\\rally-node","timestamp":"2016-08-09T02:44:32.827Z"}
{"level":"info","message":"start create db tool D:\\youto\\git\\rally-node\\app\\server\\db","timestamp":"2016-08-09T02:44:33.809Z"}
{"level":"info","message":"server start over! D:\\youto\\git\\rally-node","timestamp":"2016-08-09T02:44:33.978Z"}
{"level":"info","message":"start create db tool D:\\youto\\git\\rally-node\\app\\server\\db","timestamp":"2016-08-09T02:44:48.447Z"}
{"level":"info","message":"server start over! D:\\youto\\git\\rally-node","timestamp":"2016-08-09T02:44:48.643Z"}
{"level":"info","message":"start create db tool D:\\youto\\git\\rally-node\\app\\server\\db","timestamp":"2016-08-09T02:45:10.895Z"}
{"level":"info","message":"server start over! D:\\youto\\git\\rally-node","timestamp":"2016-08-09T02:45:11.077Z"}
{"level":"info","message":"start create db tool D:\\youto\\git\\rally-node\\app\\server\\db","timestamp":"2016-08-09T02:45:31.930Z"}
{"level":"info","message":"server start over! D:\\youto\\git\\rally-node","timestamp":"2016-08-09T02:45:32.120Z"}
{"level":"info","message":"start create db tool D:\\youto\\git\\rally-node\\app\\server\\db","timestamp":"2016-08-09T02:45:49.807Z"}
{"level":"info","message":"server start over! D:\\youto\\git\\rally-node","timestamp":"2016-08-09T02:45:49.989Z"}
{"level":"info","message":"start create db tool D:\\youto\\git\\rally-node\\app\\server\\db","timestamp":"2016-08-09T02:45:51.507Z"}
{"level":"info","message":"server start over! D:\\youto\\git\\rally-node","timestamp":"2016-08-09T02:45:51.696Z"}
{"level":"info","message":"start create db tool D:\\youto\\git\\rally-node\\app\\server\\db","timestamp":"2016-08-09T02:46:10.283Z"}
{"level":"info","message":"server start over! D:\\youto\\git\\rally-node","timestamp":"2016-08-09T02:46:10.501Z"}
{"level":"info","message":"start create db tool D:\\youto\\git\\rally-node\\app\\server\\db","timestamp":"2016-08-09T02:46:12.475Z"}
{"level":"info","message":"server start over! D:\\youto\\git\\rally-node","timestamp":"2016-08-09T02:46:12.633Z"}
{"level":"info","message":"start create db tool D:\\youto\\git\\rally-node\\app\\server\\db","timestamp":"2016-08-09T02:46:21.064Z"}
{"level":"info","message":"server start over! D:\\youto\\git\\rally-node","timestamp":"2016-08-09T02:46:21.250Z"}
